<?xml version="1.0" encoding="UTF-8"?>
<testsuite name="com.example.demo.NotificadorEmailTest" tests="1" skipped="0" failures="0" errors="0" timestamp="2024-05-08T04:22:35" hostname="CORSAIRR9" time="0.85">
  <properties/>
  <testcase name="testNotificarConMensajeNulo()" classname="com.example.demo.NotificadorEmailTest" time="0.85"/>
  <system-out><![CDATA[]]></system-out>
  <system-err><![CDATA[]]></system-err>
</testsuite>
